<?xml version="1.0" encoding="UTF-8"?>
<coverage generated="1639624398233" clover="3.2.0">
  <project timestamp="1639624398233" name="All files">
    <metrics statements="24" coveredstatements="23" conditionals="4" coveredconditionals="3" methods="9" coveredmethods="9" elements="37" coveredelements="35" complexity="0" loc="24" ncloc="24" packages="2" files="4" classes="4"/>
    <package name="packages">
      <metrics statements="5" coveredstatements="4" conditionals="4" coveredconditionals="3" methods="2" coveredmethods="2"/>
      <file name="index.js" path="D:\workspace\lee\components\vfox-ui\packages\index.js">
        <metrics statements="5" coveredstatements="4" conditionals="4" coveredconditionals="3" methods="2" coveredmethods="2"/>
        <line num="4" count="1" type="stmt"/>
        <line num="9" count="1" type="stmt"/>
        <line num="10" count="2" type="stmt"/>
        <line num="15" count="1" type="cond" truecount="3" falsecount="1"/>
        <line num="16" count="0" type="stmt"/>
      </file>
    </package>
    <package name="packages.vf-button">
      <metrics statements="19" coveredstatements="19" conditionals="0" coveredconditionals="0" methods="7" coveredmethods="7"/>
      <file name="index.js" path="D:\workspace\lee\components\vfox-ui\packages\vf-button\index.js">
        <metrics statements="4" coveredstatements="4" conditionals="0" coveredconditionals="0" methods="2" coveredmethods="2"/>
        <line num="4" count="1" type="stmt"/>
        <line num="5" count="1" type="stmt"/>
        <line num="8" count="1" type="stmt"/>
        <line num="9" count="1" type="stmt"/>
      </file>
      <file name="vf-button-group.vue" path="D:\workspace\lee\components\vfox-ui\packages\vf-button\vf-button-group.vue">
        <metrics statements="6" coveredstatements="6" conditionals="0" coveredconditionals="0" methods="2" coveredmethods="2"/>
        <line num="2" count="1" type="stmt"/>
        <line num="11" count="3" type="stmt"/>
        <line num="12" count="3" type="stmt"/>
        <line num="15" count="3" type="stmt"/>
        <line num="16" count="3" type="stmt"/>
        <line num="28" count="3" type="stmt"/>
      </file>
      <file name="vf-button.vue" path="D:\workspace\lee\components\vfox-ui\packages\vf-button\vf-button.vue">
        <metrics statements="9" coveredstatements="9" conditionals="0" coveredconditionals="0" methods="3" coveredmethods="3"/>
        <line num="2" count="1" type="stmt"/>
        <line num="3" count="1" type="stmt"/>
        <line num="10" count="7" type="stmt"/>
        <line num="11" count="7" type="stmt"/>
        <line num="15" count="7" type="stmt"/>
        <line num="20" count="7" type="stmt"/>
        <line num="21" count="7" type="stmt"/>
        <line num="33" count="7" type="stmt"/>
        <line num="37" count="1" type="stmt"/>
      </file>
    </package>
  </project>
</coverage>
