{"D:\\workspace\\lee\\components\\vfox-ui\\packages\\index.js": {"path":"D:\\workspace\\lee\\components\\vfox-ui\\packages\\index.js","statementMap":{"0":{"start":{"line":4,"column":19},"end":{"line":7,"column":1}},"1":{"start":{"line":9,"column":16},"end":{"line":14,"column":1}},"2":{"start":{"line":10,"column":2},"end":{"line":10,"column":50}},"3":{"start":{"line":10,"column":30},"end":{"line":10,"column":48}},"4":{"start":{"line":15,"column":0},"end":{"line":17,"column":1}},"5":{"start":{"line":16,"column":2},"end":{"line":16,"column":21}}},"fnMap":{"0":{"name":"(anonymous_0)","decl":{"start":{"line":9,"column":16},"end":{"line":9,"column":17}},"loc":{"start":{"line":9,"column":31},"end":{"line":14,"column":1}},"line":9},"1":{"name":"(anonymous_1)","decl":{"start":{"line":10,"column":17},"end":{"line":10,"column":18}},"loc":{"start":{"line":10,"column":30},"end":{"line":10,"column":48}},"line":10}},"branchMap":{"0":{"loc":{"start":{"line":15,"column":0},"end":{"line":17,"column":1}},"type":"if","locations":[{"start":{"line":15,"column":0},"end":{"line":17,"column":1}},{"start":{"line":15,"column":0},"end":{"line":17,"column":1}}],"line":15},"1":{"loc":{"start":{"line":15,"column":4},"end":{"line":15,"column":47}},"type":"binary-expr","locations":[{"start":{"line":15,"column":4},"end":{"line":15,"column":33}},{"start":{"line":15,"column":37},"end":{"line":15,"column":47}}],"line":15}},"s":{"0":1,"1":1,"2":1,"3":2,"4":1,"5":0},"f":{"0":1,"1":2},"b":{"0":[0,1],"1":[1,1]},"_coverageSchema":"43e27e138ebf9cfc5966b082cf9a028302ed4184","hash":"31f6e58d624ff90b45cc415e895fb8104d3b68a1"}
,"D:\\workspace\\lee\\components\\vfox-ui\\packages\\vf-button\\index.js": {"path":"D:\\workspace\\lee\\components\\vfox-ui\\packages\\vf-button\\index.js","statementMap":{"0":{"start":{"line":4,"column":0},"end":{"line":6,"column":2}},"1":{"start":{"line":5,"column":2},"end":{"line":5,"column":41}},"2":{"start":{"line":8,"column":0},"end":{"line":10,"column":2}},"3":{"start":{"line":9,"column":2},"end":{"line":9,"column":51}}},"fnMap":{"0":{"name":"(anonymous_0)","decl":{"start":{"line":4,"column":19},"end":{"line":4,"column":20}},"loc":{"start":{"line":4,"column":34},"end":{"line":6,"column":1}},"line":4},"1":{"name":"(anonymous_1)","decl":{"start":{"line":8,"column":24},"end":{"line":8,"column":25}},"loc":{"start":{"line":8,"column":39},"end":{"line":10,"column":1}},"line":8}},"branchMap":{},"s":{"0":1,"1":1,"2":1,"3":1},"f":{"0":1,"1":1},"b":{},"_coverageSchema":"43e27e138ebf9cfc5966b082cf9a028302ed4184","hash":"6820a6f013d6224bf7426aa04dda273db6e20125"}
,"D:\\workspace\\lee\\components\\vfox-ui\\packages\\vf-button\\vf-button-group.vue": {"path":"D:\\workspace\\lee\\components\\vfox-ui\\packages\\vf-button\\vf-button-group.vue","statementMap":{"0":{"start":{"line":2,"column":0},"end":{"line":2,"column":null}},"1":{"start":{"line":11,"column":0},"end":{"line":11,"column":null}},"2":{"start":{"line":12,"column":0},"end":{"line":12,"column":null}},"3":{"start":{"line":15,"column":0},"end":{"line":15,"column":null}},"4":{"start":{"line":16,"column":0},"end":{"line":16,"column":null}},"5":{"start":{"line":28,"column":0},"end":{"line":28,"column":null}}},"fnMap":{"0":{"name":"(anonymous_1)","decl":{"start":{"line":11,"column":0},"end":{"line":11,"column":null}},"loc":{"start":{"line":11,"column":0},"end":{"line":26,"column":null}}},"1":{"name":"(anonymous_2)","decl":{"start":{"line":27,"column":0},"end":{"line":27,"column":null}},"loc":{"start":{"line":27,"column":0},"end":{"line":29,"column":null}}}},"branchMap":{},"s":{"0":1,"1":3,"2":3,"3":3,"4":3,"5":3},"f":{"0":3,"1":3},"b":{}}
,"D:\\workspace\\lee\\components\\vfox-ui\\packages\\vf-button\\vf-button.vue": {"path":"D:\\workspace\\lee\\components\\vfox-ui\\packages\\vf-button\\vf-button.vue","statementMap":{"0":{"start":{"line":2,"column":0},"end":{"line":2,"column":null}},"1":{"start":{"line":3,"column":0},"end":{"line":3,"column":null}},"2":{"start":{"line":10,"column":0},"end":{"line":10,"column":null}},"3":{"start":{"line":11,"column":0},"end":{"line":11,"column":null}},"4":{"start":{"line":15,"column":0},"end":{"line":15,"column":null}},"5":{"start":{"line":20,"column":0},"end":{"line":20,"column":null}},"6":{"start":{"line":21,"column":0},"end":{"line":21,"column":null}},"7":{"start":{"line":33,"column":0},"end":{"line":33,"column":null}},"8":{"start":{"line":37,"column":0},"end":{"line":37,"column":null}}},"fnMap":{"0":{"name":"(anonymous_1)","decl":{"start":{"line":10,"column":0},"end":{"line":10,"column":null}},"loc":{"start":{"line":10,"column":0},"end":{"line":31,"column":null}}},"1":{"name":"(anonymous_2)","decl":{"start":{"line":32,"column":0},"end":{"line":32,"column":null}},"loc":{"start":{"line":32,"column":0},"end":{"line":34,"column":null}}},"2":{"name":"(anonymous_3)","decl":{"start":{"line":36,"column":0},"end":{"line":36,"column":null}},"loc":{"start":{"line":36,"column":0},"end":{"line":38,"column":null}}}},"branchMap":{},"s":{"0":1,"1":1,"2":7,"3":7,"4":7,"5":7,"6":7,"7":7,"8":1},"f":{"0":7,"1":7,"2":1},"b":{}}
}
