TN:
SF:D:\workspace\lee\components\vfox-ui\packages\index.js
FN:9,(anonymous_0)
FN:10,(anonymous_1)
FNF:2
FNH:2
FNDA:1,(anonymous_0)
FNDA:2,(anonymous_1)
DA:4,1
DA:9,1
DA:10,2
DA:15,1
DA:16,0
LF:5
LH:4
BRDA:15,0,0,0
BRDA:15,0,1,1
BRDA:15,1,0,1
BRDA:15,1,1,1
BRF:4
BRH:3
end_of_record
TN:
SF:D:\workspace\lee\components\vfox-ui\packages\vf-button\index.js
FN:4,(anonymous_0)
FN:8,(anonymous_1)
FNF:2
FNH:2
FNDA:1,(anonymous_0)
FNDA:1,(anonymous_1)
DA:4,1
DA:5,1
DA:8,1
DA:9,1
LF:4
LH:4
BRF:0
BRH:0
end_of_record
TN:
SF:D:\workspace\lee\components\vfox-ui\packages\vf-button\vf-button-group.vue
FN:11,(anonymous_1)
FN:27,(anonymous_2)
FNF:2
FNH:2
FNDA:3,(anonymous_1)
FNDA:3,(anonymous_2)
DA:2,1
DA:11,3
DA:12,3
DA:15,3
DA:16,3
DA:28,3
LF:6
LH:6
BRF:0
BRH:0
end_of_record
TN:
SF:D:\workspace\lee\components\vfox-ui\packages\vf-button\vf-button.vue
FN:10,(anonymous_1)
FN:32,(anonymous_2)
FN:36,(anonymous_3)
FNF:3
FNH:3
FNDA:7,(anonymous_1)
FNDA:7,(anonymous_2)
FNDA:1,(anonymous_3)
DA:2,1
DA:3,1
DA:10,7
DA:11,7
DA:15,7
DA:20,7
DA:21,7
DA:33,7
DA:37,1
LF:9
LH:9
BRF:0
BRH:0
end_of_record
